<?xml version="1.0" encoding="UTF-8"?>
<!-- Generated by org.testng.reporters.JUnitReportReporter -->
<testsuite hostname="Archanas-MacBook-Air.local" failures="0" tests="1" name="mandatoryHomeworkSalesforce.SalesforceEditCase" time="0.000" errors="0" timestamp="2023-09-08T09:41:33 IST" skipped="1">
  <testcase classname="mandatoryHomeworkSalesforce.SalesforceEditCase" name="tc002_EditCase" time="0.000">
    <skipped/>
  </testcase> <!-- tc002_EditCase -->
  <system-out/>
</testsuite> <!-- mandatoryHomeworkSalesforce.SalesforceEditCase -->
